TN:
SF:scripts\build-extension.mjs
FN:33,(anonymous_0)
FNF:1
FNH:0
FNDA:0,(anonymous_0)
DA:5,0
DA:6,0
DA:7,0
DA:8,0
DA:10,0
DA:13,0
DA:14,0
DA:17,0
DA:18,0
DA:20,0
DA:21,0
DA:23,0
DA:25,0
DA:26,0
DA:27,0
DA:28,0
DA:29,0
DA:30,0
DA:33,0
DA:35,0
DA:36,0
DA:37,0
DA:38,0
DA:41,0
DA:42,0
DA:43,0
DA:47,0
DA:48,0
DA:49,0
DA:50,0
DA:54,0
DA:60,0
LF:32
LH:0
BRDA:10,0,0,0
BRDA:10,0,1,0
BRDA:49,1,0,0
BRDA:49,1,1,0
BRDA:56,2,0,0
BRDA:56,2,1,0
BRF:6
BRH:0
end_of_record
TN:
SF:scripts\check-comment-length.mjs
FN:12,collectFiles
FN:13,(anonymous_1)
FN:21,(anonymous_2)
FN:22,(anonymous_3)
FN:25,(anonymous_4)
FN:38,(anonymous_5)
FNF:6
FNH:0
FNDA:0,collectFiles
FNDA:0,(anonymous_1)
FNDA:0,(anonymous_2)
FNDA:0,(anonymous_3)
FNDA:0,(anonymous_4)
FNDA:0,(anonymous_5)
DA:6,0
DA:8,0
DA:9,0
DA:10,0
DA:13,0
DA:14,0
DA:15,0
DA:16,0
DA:17,0
DA:21,0
DA:22,0
DA:25,0
DA:27,0
DA:28,0
DA:30,0
DA:31,0
DA:32,0
DA:34,0
DA:35,0
DA:36,0
DA:38,0
DA:39,0
DA:40,0
DA:45,0
DA:46,0
DA:49,0
DA:50,0
DA:52,0
DA:53,0
DA:54,0
DA:55,0
DA:56,0
DA:58,0
DA:61,0
DA:62,0
DA:63,0
DA:64,0
DA:65,0
DA:66,0
DA:69,0
DA:71,0
DA:72,0
DA:73,0
DA:75,0
DA:78,0
DA:81,0
DA:82,0
DA:83,0
DA:86,0
LF:49
LH:0
BRDA:15,0,0,0
BRDA:15,0,1,0
BRDA:16,1,0,0
BRDA:16,1,1,0
BRDA:17,2,0,0
BRDA:17,2,1,0
BRDA:31,3,0,0
BRDA:31,3,1,0
BRDA:39,4,0,0
BRDA:39,4,1,0
BRDA:39,5,0,0
BRDA:39,5,1,0
BRDA:52,6,0,0
BRDA:52,6,1,0
BRDA:54,7,0,0
BRDA:54,7,1,0
BRDA:61,8,0,0
BRDA:61,8,1,0
BRDA:61,9,0,0
BRDA:61,9,1,0
BRDA:61,9,2,0
BRDA:69,10,0,0
BRDA:69,10,1,0
BRDA:71,11,0,0
BRDA:71,11,1,0
BRDA:72,12,0,0
BRDA:72,12,1,0
BRDA:81,13,0,0
BRDA:81,13,1,0
BRF:29
BRH:0
end_of_record
TN:
SF:scripts\check-source.mjs
FN:8,collectJavaScript
FN:9,(anonymous_1)
FN:16,(anonymous_2)
FNF:3
FNH:0
FNDA:0,collectJavaScript
FNDA:0,(anonymous_1)
FNDA:0,(anonymous_2)
DA:5,0
DA:6,0
DA:9,0
DA:10,0
DA:11,0
DA:12,0
DA:16,0
DA:17,0
DA:19,0
DA:20,0
DA:21,0
DA:22,0
DA:23,0
DA:25,0
DA:26,0
DA:30,0
DA:31,0
DA:32,0
DA:35,0
LF:19
LH:0
BRDA:11,0,0,0
BRDA:11,0,1,0
BRDA:12,1,0,0
BRDA:12,1,1,0
BRDA:12,2,0,0
BRDA:12,2,1,0
BRDA:21,3,0,0
BRDA:21,3,1,0
BRDA:25,4,0,0
BRDA:25,4,1,0
BRDA:26,5,0,0
BRDA:26,5,1,0
BRDA:26,5,2,0
BRDA:30,6,0,0
BRDA:30,6,1,0
BRF:15
BRH:0
end_of_record
TN:
SF:scripts\convert-safari-extension.mjs
FNF:0
FNH:0
DA:9,0
DA:10,0
DA:11,0
DA:13,0
DA:14,0
DA:19,0
DA:22,0
DA:23,0
DA:25,0
DA:26,0
DA:27,0
DA:29,0
DA:30,0
DA:31,0
DA:38,0
DA:56,0
DA:57,0
DA:60,0
DA:62,0
DA:63,0
DA:69,0
DA:77,0
DA:78,0
DA:83,0
DA:84,0
DA:85,0
DA:92,0
DA:109,0
DA:110,0
DA:111,0
DA:114,0
DA:118,0
DA:119,0
DA:126,0
DA:127,0
DA:130,0
DA:133,0
DA:134,0
DA:140,0
DA:142,0
DA:143,0
DA:146,0
LF:42
LH:0
BRDA:13,0,0,0
BRDA:13,0,1,0
BRDA:56,1,0,0
BRDA:56,1,1,0
BRDA:56,2,0,0
BRDA:56,2,1,0
BRDA:62,3,0,0
BRDA:62,3,1,0
BRDA:64,4,0,0
BRDA:64,4,1,0
BRDA:65,5,0,0
BRDA:65,5,1,0
BRDA:77,6,0,0
BRDA:77,6,1,0
BRDA:110,7,0,0
BRDA:110,7,1,0
BRDA:110,8,0,0
BRDA:110,8,1,0
BRDA:133,9,0,0
BRDA:133,9,1,0
BRDA:135,10,0,0
BRDA:135,10,1,0
BRDA:135,11,0,0
BRDA:135,11,1,0
BRDA:142,12,0,0
BRDA:142,12,1,0
BRF:26
BRH:0
end_of_record
TN:
SF:scripts\generate-donation-qrcodes.mjs
FNF:0
FNH:0
DA:8,0
DA:9,0
DA:10,0
DA:12,0
DA:13,0
DA:15,0
DA:16,0
DA:19,0
DA:20,0
DA:21,0
DA:24,0
DA:25,0
DA:26,0
DA:27,0
DA:30,0
DA:36,0
DA:37,0
DA:40,0
LF:18
LH:0
BRDA:16,0,0,0
BRDA:16,0,1,0
BRDA:24,1,0,0
BRDA:24,1,1,0
BRF:4
BRH:0
end_of_record
TN:
SF:scripts\install-chrome-version.mjs
FN:42,(anonymous_0)
FN:48,(anonymous_1)
FNF:2
FNH:0
FNDA:0,(anonymous_0)
FNDA:0,(anonymous_1)
DA:9,0
DA:12,0
DA:14,0
DA:16,0
DA:17,0
DA:18,0
DA:23,0
DA:24,0
DA:25,0
DA:30,0
DA:31,0
DA:32,0
DA:33,0
DA:36,0
DA:37,0
DA:38,0
DA:41,0
DA:42,0
DA:44,0
DA:45,0
DA:48,0
DA:50,0
DA:51,0
DA:54,0
DA:55,0
DA:57,0
DA:58,0
DA:59,0
DA:60,0
DA:62,0
DA:66,0
DA:68,0
DA:69,0
DA:71,0
LF:34
LH:0
BRDA:16,0,0,0
BRDA:16,0,1,0
BRDA:23,1,0,0
BRDA:23,1,1,0
BRDA:31,2,0,0
BRDA:31,2,1,0
BRDA:37,3,0,0
BRDA:37,3,1,0
BRDA:44,4,0,0
BRDA:44,4,1,0
BRDA:50,5,0,0
BRDA:50,5,1,0
BRDA:59,6,0,0
BRDA:59,6,1,0
BRF:14
BRH:0
end_of_record
TN:
SF:scripts\install-firefox-version.mjs
FNF:0
FNH:0
DA:10,0
DA:12,0
DA:14,0
DA:15,0
DA:16,0
DA:21,0
DA:22,0
DA:23,0
DA:28,0
DA:29,0
DA:30,0
DA:31,0
DA:34,0
DA:36,0
DA:37,0
DA:39,0
DA:40,0
DA:41,0
DA:42,0
DA:44,0
DA:48,0
DA:50,0
DA:51,0
DA:53,0
LF:24
LH:0
BRDA:14,0,0,0
BRDA:14,0,1,0
BRDA:21,1,0,0
BRDA:21,1,1,0
BRDA:29,2,0,0
BRDA:29,2,1,0
BRDA:41,3,0,0
BRDA:41,3,1,0
BRF:8
BRH:0
end_of_record
TN:
SF:scripts\resolve-chrome-versions.mjs
FNF:0
FNH:0
DA:6,0
DA:8,0
DA:9,0
DA:10,0
DA:13,0
DA:14,0
DA:16,0
DA:17,0
DA:24,0
DA:25,0
DA:26,0
DA:31,0
LF:12
LH:0
BRDA:9,0,0,0
BRDA:9,0,1,0
BRDA:16,1,0,0
BRDA:16,1,1,0
BRDA:25,2,0,0
BRDA:25,2,1,0
BRDA:25,3,0,0
BRDA:25,3,1,0
BRF:8
BRH:0
end_of_record
TN:
SF:scripts\resolve-firefox-versions.mjs
FNF:0
FNH:0
DA:6,0
DA:8,0
DA:9,0
DA:10,0
DA:13,0
DA:14,0
DA:16,0
DA:17,0
DA:24,0
DA:25,0
DA:26,0
DA:31,0
LF:12
LH:0
BRDA:9,0,0,0
BRDA:9,0,1,0
BRDA:16,1,0,0
BRDA:16,1,1,0
BRDA:25,2,0,0
BRDA:25,2,1,0
BRDA:25,3,0,0
BRDA:25,3,1,0
BRF:8
BRH:0
end_of_record
TN:
SF:scripts\validate-extension.mjs
FN:8,assert
FN:12,collectFiles
FN:13,(anonymous_2)
FN:57,(anonymous_3)
FN:60,(anonymous_4)
FN:64,(anonymous_5)
FNF:6
FNH:0
FNDA:0,assert
FNDA:0,collectFiles
FNDA:0,(anonymous_2)
FNDA:0,(anonymous_3)
FNDA:0,(anonymous_4)
FNDA:0,(anonymous_5)
DA:4,0
DA:5,0
DA:6,0
DA:9,0
DA:13,0
DA:14,0
DA:15,0
DA:19,0
DA:20,0
DA:21,0
DA:22,0
DA:23,0
DA:27,0
DA:31,0
DA:35,0
DA:39,0
DA:44,0
DA:52,0
DA:53,0
DA:56,0
DA:57,0
DA:59,0
DA:60,0
DA:64,0
DA:65,0
DA:67,0
DA:74,0
DA:75,0
DA:76,0
DA:77,0
DA:81,0
DA:82,0
DA:87,0
DA:88,0
DA:89,0
DA:92,0
LF:36
LH:0
BRDA:9,0,0,0
BRDA:9,0,1,0
BRDA:15,1,0,0
BRDA:15,1,1,0
BRDA:48,2,0,0
BRDA:48,2,1,0
BRDA:49,3,0,0
BRDA:49,3,1,0
BRDA:56,4,0,0
BRDA:56,4,1,0
BRDA:57,5,0,0
BRDA:57,5,1,0
BRDA:83,6,0,0
BRDA:83,6,1,0
BRDA:87,7,0,0
BRDA:87,7,1,0
BRF:16
BRH:0
end_of_record
TN:
SF:scripts\validate-store-readiness.mjs
FN:8,check
FN:12,readText
FN:16,readPngSize
FN:22,checkPng
FN:48,(anonymous_4)
FNF:5
FNH:0
FNDA:0,check
FNDA:0,readText
FNDA:0,readPngSize
FNDA:0,checkPng
FNDA:0,(anonymous_4)
DA:4,0
DA:5,0
DA:6,0
DA:9,0
DA:13,0
DA:17,0
DA:18,0
DA:19,0
DA:23,0
DA:24,0
DA:25,0
DA:26,0
DA:27,0
DA:33,0
DA:34,0
DA:35,0
DA:36,0
DA:37,0
DA:41,0
DA:43,0
DA:44,0
DA:46,0
DA:47,0
DA:48,0
DA:50,0
DA:51,0
DA:52,0
DA:53,0
DA:54,0
DA:55,0
DA:61,0
DA:62,0
DA:63,0
DA:64,0
DA:66,0
DA:67,0
DA:69,0
DA:70,0
DA:73,0
DA:74,0
DA:75,0
DA:76,0
DA:78,0
LF:43
LH:0
BRDA:9,0,0,0
BRDA:9,0,1,0
BRDA:25,1,0,0
BRDA:25,1,1,0
BRDA:28,2,0,0
BRDA:28,2,1,0
BRDA:38,3,0,0
BRDA:38,3,1,0
BRDA:38,3,2,0
BRDA:41,4,0,0
BRDA:41,4,1,0
BRDA:47,5,0,0
BRDA:47,5,1,0
BRDA:56,6,0,0
BRDA:56,6,1,0
BRDA:56,6,2,0
BRDA:56,6,3,0
BRDA:69,7,0,0
BRDA:69,7,1,0
BRDA:74,8,0,0
BRDA:74,8,1,0
BRF:21
BRH:0
end_of_record
TN:
SF:scripts\verify-chrome-version.mjs
FNF:0
FNH:0
DA:6,0
DA:8,0
DA:9,0
DA:10,0
DA:13,0
DA:15,0
DA:16,0
DA:17,0
DA:23,0
DA:30,0
DA:32,0
DA:36,0
DA:37,0
DA:40,0
LF:14
LH:0
BRDA:8,0,0,0
BRDA:8,0,1,0
BRDA:15,1,0,0
BRDA:15,1,1,0
BRDA:23,2,0,0
BRDA:23,2,1,0
BRDA:30,3,0,0
BRDA:30,3,1,0
BRDA:33,4,0,0
BRDA:33,4,1,0
BRDA:36,5,0,0
BRDA:36,5,1,0
BRDA:38,6,0,0
BRDA:38,6,1,0
BRF:14
BRH:0
end_of_record
TN:
SF:scripts\verify-firefox-version.mjs
FNF:0
FNH:0
DA:6,0
DA:8,0
DA:9,0
DA:10,0
DA:13,0
DA:15,0
DA:16,0
DA:17,0
DA:23,0
DA:30,0
DA:32,0
DA:36,0
DA:37,0
DA:40,0
LF:14
LH:0
BRDA:8,0,0,0
BRDA:8,0,1,0
BRDA:15,1,0,0
BRDA:15,1,1,0
BRDA:23,2,0,0
BRDA:23,2,1,0
BRDA:30,3,0,0
BRDA:30,3,1,0
BRDA:33,4,0,0
BRDA:33,4,1,0
BRDA:36,5,0,0
BRDA:36,5,1,0
BRDA:38,6,0,0
BRDA:38,6,1,0
BRF:14
BRH:0
end_of_record
TN:
SF:src\background.js
FN:27,(anonymous_0)
FN:34,(anonymous_1)
FN:38,(anonymous_2)
FN:53,(anonymous_3)
FN:61,(anonymous_4)
FN:73,(anonymous_5)
FN:74,(anonymous_6)
FN:79,refreshContextMenu
FN:92,processSelection
FN:120,openWhatsAppTab
FN:124,openOnboardingTab
FN:130,updateUninstallUrl
FN:135,syncPageHelpersRegistration
FNF:13
FNH:13
FNDA:7,(anonymous_0)
FNDA:2,(anonymous_1)
FNDA:2,(anonymous_2)
FNDA:4,(anonymous_3)
FNDA:10,(anonymous_4)
FNDA:6,(anonymous_5)
FNDA:1,(anonymous_6)
FNDA:10,refreshContextMenu
FNDA:9,processSelection
FNDA:2,openWhatsAppTab
FNDA:1,openOnboardingTab
FNDA:10,updateUninstallUrl
FNDA:11,syncPageHelpersRegistration
DA:17,1
DA:18,1
DA:19,1
DA:20,1
DA:21,1
DA:22,1
DA:25,1
DA:27,1
DA:28,7
DA:29,7
DA:30,1
DA:34,1
DA:35,2
DA:38,1
DA:39,2
DA:40,1
DA:42,1
DA:43,1
DA:45,1
DA:46,0
DA:50,1
DA:51,1
DA:53,1
DA:54,4
DA:55,2
DA:58,2
DA:61,1
DA:64,10
DA:65,2
DA:68,8
DA:69,1
DA:72,7
DA:73,6
DA:74,1
DA:76,10
DA:80,10
DA:81,10
DA:82,10
DA:84,10
DA:85,10
DA:93,9
DA:94,3
DA:96,6
DA:97,6
DA:98,0
DA:101,6
DA:102,2
DA:103,2
DA:104,0
DA:107,2
DA:108,2
DA:111,4
DA:112,4
DA:113,3
DA:116,4
DA:117,4
DA:121,2
DA:125,1
DA:131,10
DA:132,10
DA:136,11
DA:141,11
DA:144,11
DA:145,2
DA:148,11
DA:149,8
DA:152,3
LF:67
LH:64
BRDA:27,0,0,7
BRDA:29,1,0,1
BRDA:29,1,1,6
BRDA:39,2,0,1
BRDA:39,2,1,1
BRDA:42,3,0,1
BRDA:42,3,1,0
BRDA:45,4,0,0
BRDA:45,4,1,1
BRDA:54,5,0,2
BRDA:54,5,1,2
BRDA:54,6,0,4
BRDA:54,6,1,3
BRDA:64,7,0,2
BRDA:64,7,1,8
BRDA:64,8,0,10
BRDA:64,8,1,9
BRDA:68,9,0,1
BRDA:68,9,1,7
BRDA:68,10,0,8
BRDA:68,10,1,8
BRDA:93,11,0,3
BRDA:93,11,1,6
BRDA:97,12,0,0
BRDA:97,12,1,6
BRDA:101,13,0,2
BRDA:101,13,1,4
BRDA:103,14,0,0
BRDA:103,14,1,2
BRDA:112,15,0,3
BRDA:112,15,1,1
BRDA:144,16,0,2
BRDA:144,16,1,9
BRDA:148,17,0,8
BRDA:148,17,1,3
BRDA:148,18,0,11
BRDA:148,18,1,4
BRF:37
BRH:33
end_of_record
TN:
SF:src\content\autoHighlight.js
FN:1,(anonymous_0)
FN:22,initialize
FN:35,(anonymous_2)
FN:58,normalizeLanguage
FN:65,getText
FN:69,injectStyles
FN:125,attachObserver
FN:130,(anonymous_7)
FN:135,(anonymous_8)
FN:140,(anonymous_9)
FN:154,detachObserver
FN:162,clearActions
FN:163,(anonymous_12)
FN:166,scanTelLinks
FN:170,processNode
FN:179,(anonymous_15)
FN:184,ensureActionForLink
FN:222,(anonymous_17)
FN:235,refreshButtonLabels
FN:237,(anonymous_19)
FNF:20
FNH:0
FNDA:0,(anonymous_0)
FNDA:0,initialize
FNDA:0,(anonymous_2)
FNDA:0,normalizeLanguage
FNDA:0,getText
FNDA:0,injectStyles
FNDA:0,attachObserver
FNDA:0,(anonymous_7)
FNDA:0,(anonymous_8)
FNDA:0,(anonymous_9)
FNDA:0,detachObserver
FNDA:0,clearActions
FNDA:0,(anonymous_12)
FNDA:0,scanTelLinks
FNDA:0,processNode
FNDA:0,(anonymous_15)
FNDA:0,ensureActionForLink
FNDA:0,(anonymous_17)
FNDA:0,refreshButtonLabels
FNDA:0,(anonymous_19)
DA:1,0
DA:2,0
DA:3,0
DA:4,0
DA:5,0
DA:6,0
DA:8,0
DA:14,0
DA:15,0
DA:16,0
DA:17,0
DA:19,0
DA:20,0
DA:23,0
DA:24,0
DA:28,0
DA:30,0
DA:31,0
DA:32,0
DA:35,0
DA:36,0
DA:37,0
DA:40,0
DA:41,0
DA:42,0
DA:45,0
DA:46,0
DA:47,0
DA:48,0
DA:49,0
DA:51,0
DA:52,0
DA:59,0
DA:60,0
DA:61,0
DA:62,0
DA:66,0
DA:70,0
DA:71,0
DA:74,0
DA:75,0
DA:76,0
DA:122,0
DA:126,0
DA:127,0
DA:130,0
DA:131,0
DA:132,0
DA:135,0
DA:136,0
DA:137,0
DA:138,0
DA:140,0
DA:146,0
DA:155,0
DA:156,0
DA:158,0
DA:159,0
DA:163,0
DA:167,0
DA:171,0
DA:172,0
DA:175,0
DA:176,0
DA:179,0
DA:180,0
DA:185,0
DA:186,0
DA:189,0
DA:190,0
DA:191,0
DA:192,0
DA:193,0
DA:195,0
DA:198,0
DA:199,0
DA:200,0
DA:203,0
DA:204,0
DA:205,0
DA:208,0
DA:209,0
DA:211,0
DA:212,0
DA:213,0
DA:214,0
DA:215,0
DA:217,0
DA:218,0
DA:219,0
DA:221,0
DA:222,0
DA:223,0
DA:224,0
DA:225,0
DA:231,0
DA:232,0
DA:236,0
DA:237,0
DA:238,0
DA:239,0
LF:101
LH:0
BRDA:25,0,0,0
BRDA:25,0,1,0
BRDA:30,1,0,0
BRDA:30,1,1,0
BRDA:36,2,0,0
BRDA:36,2,1,0
BRDA:40,3,0,0
BRDA:40,3,1,0
BRDA:45,4,0,0
BRDA:45,4,1,0
BRDA:47,5,0,0
BRDA:47,5,1,0
BRDA:59,6,0,0
BRDA:59,6,1,0
BRDA:60,7,0,0
BRDA:60,7,1,0
BRDA:61,8,0,0
BRDA:61,8,1,0
BRDA:66,9,0,0
BRDA:66,9,1,0
BRDA:70,10,0,0
BRDA:70,10,1,0
BRDA:122,11,0,0
BRDA:122,11,1,0
BRDA:126,12,0,0
BRDA:126,12,1,0
BRDA:131,13,0,0
BRDA:131,13,1,0
BRDA:137,14,0,0
BRDA:137,14,1,0
BRDA:146,15,0,0
BRDA:146,15,1,0
BRDA:155,16,0,0
BRDA:155,16,1,0
BRDA:167,17,0,0
BRDA:167,17,1,0
BRDA:171,18,0,0
BRDA:171,18,1,0
BRDA:171,19,0,0
BRDA:171,19,1,0
BRDA:171,19,2,0
BRDA:175,20,0,0
BRDA:175,20,1,0
BRDA:185,21,0,0
BRDA:185,21,1,0
BRDA:189,22,0,0
BRDA:189,22,1,0
BRDA:190,23,0,0
BRDA:190,23,1,0
BRDA:192,24,0,0
BRDA:192,24,1,0
BRDA:192,25,0,0
BRDA:192,25,1,0
BRDA:199,26,0,0
BRDA:199,26,1,0
BRDA:199,27,0,0
BRDA:199,27,1,0
BRDA:204,28,0,0
BRDA:204,28,1,0
BRF:59
BRH:0
end_of_record
TN:
SF:src\content\selectionButton.js
FN:1,(anonymous_0)
FN:18,initialize
FN:22,(anonymous_2)
FN:33,normalizeLanguage
FN:40,getText
FN:44,createButton
FN:71,(anonymous_6)
FN:74,(anonymous_7)
FN:77,(anonymous_8)
FN:100,updateButtonText
FN:109,getButton
FN:117,hideButton
FN:123,isLikelyPhoneSelection
FN:141,showButtonNearSelection
FN:170,bindSelectionListeners
FN:171,(anonymous_15)
FN:175,(anonymous_16)
FN:179,(anonymous_17)
FNF:18
FNH:0
FNDA:0,(anonymous_0)
FNDA:0,initialize
FNDA:0,(anonymous_2)
FNDA:0,normalizeLanguage
FNDA:0,getText
FNDA:0,createButton
FNDA:0,(anonymous_6)
FNDA:0,(anonymous_7)
FNDA:0,(anonymous_8)
FNDA:0,updateButtonText
FNDA:0,getButton
FNDA:0,hideButton
FNDA:0,isLikelyPhoneSelection
FNDA:0,showButtonNearSelection
FNDA:0,bindSelectionListeners
FNDA:0,(anonymous_15)
FNDA:0,(anonymous_16)
FNDA:0,(anonymous_17)
DA:1,0
DA:2,0
DA:3,0
DA:4,0
DA:6,0
DA:12,0
DA:13,0
DA:14,0
DA:16,0
DA:19,0
DA:20,0
DA:22,0
DA:23,0
DA:24,0
DA:26,0
DA:27,0
DA:30,0
DA:34,0
DA:35,0
DA:36,0
DA:37,0
DA:41,0
DA:45,0
DA:46,0
DA:47,0
DA:48,0
DA:49,0
DA:50,0
DA:51,0
DA:52,0
DA:53,0
DA:54,0
DA:55,0
DA:56,0
DA:57,0
DA:58,0
DA:59,0
DA:60,0
DA:61,0
DA:63,0
DA:64,0
DA:65,0
DA:66,0
DA:67,0
DA:68,0
DA:70,0
DA:71,0
DA:72,0
DA:74,0
DA:75,0
DA:77,0
DA:78,0
DA:79,0
DA:81,0
DA:82,0
DA:83,0
DA:86,0
DA:87,0
DA:92,0
DA:96,0
DA:97,0
DA:101,0
DA:102,0
DA:104,0
DA:105,0
DA:106,0
DA:110,0
DA:111,0
DA:112,0
DA:114,0
DA:118,0
DA:119,0
DA:120,0
DA:124,0
DA:125,0
DA:128,0
DA:129,0
DA:130,0
DA:133,0
DA:134,0
DA:137,0
DA:138,0
DA:142,0
DA:143,0
DA:144,0
DA:145,0
DA:148,0
DA:149,0
DA:150,0
DA:151,0
DA:152,0
DA:155,0
DA:156,0
DA:157,0
DA:158,0
DA:161,0
DA:162,0
DA:163,0
DA:164,0
DA:165,0
DA:166,0
DA:167,0
DA:171,0
DA:172,0
DA:175,0
DA:176,0
DA:179,0
DA:180,0
DA:181,0
DA:182,0
DA:186,0
DA:187,0
LF:112
LH:0
BRDA:23,0,0,0
BRDA:23,0,1,0
BRDA:23,1,0,0
BRDA:23,1,1,0
BRDA:34,2,0,0
BRDA:34,2,1,0
BRDA:35,3,0,0
BRDA:35,3,1,0
BRDA:36,4,0,0
BRDA:36,4,1,0
BRDA:41,5,0,0
BRDA:41,5,1,0
BRDA:81,6,0,0
BRDA:81,6,1,0
BRDA:101,7,0,0
BRDA:101,7,1,0
BRDA:110,8,0,0
BRDA:110,8,1,0
BRDA:124,9,0,0
BRDA:124,9,1,0
BRDA:129,10,0,0
BRDA:129,10,1,0
BRDA:133,11,0,0
BRDA:133,11,1,0
BRDA:138,12,0,0
BRDA:138,12,1,0
BRDA:143,13,0,0
BRDA:143,13,1,0
BRDA:143,14,0,0
BRDA:143,14,1,0
BRDA:150,15,0,0
BRDA:150,15,1,0
BRDA:150,16,0,0
BRDA:150,16,1,0
BRDA:150,16,2,0
BRDA:156,17,0,0
BRDA:156,17,1,0
BRDA:181,18,0,0
BRDA:181,18,1,0
BRDA:181,19,0,0
BRDA:181,19,1,0
BRF:41
BRH:0
end_of_record
TN:
SF:src\onboarding\onboarding.css
FNF:0
FNH:0
LF:0
LH:0
BRF:0
BRH:0
end_of_record
TN:
SF:src\onboarding\onboarding.js
FN:6,connectedCallback
FN:17,goToStep
FN:27,render
FN:51,(anonymous_3)
FN:100,bindEvents
FN:101,(anonymous_5)
FN:111,(anonymous_6)
FN:115,(anonymous_7)
FN:119,(anonymous_8)
FN:123,(anonymous_9)
FN:127,(anonymous_10)
FN:128,(anonymous_11)
FNF:12
FNH:12
FNDA:21,connectedCallback
FNDA:29,goToStep
FNDA:55,render
FNDA:330,(anonymous_3)
FNDA:55,bindEvents
FNDA:5,(anonymous_5)
FNDA:1,(anonymous_6)
FNDA:24,(anonymous_7)
FNDA:2,(anonymous_8)
FNDA:1,(anonymous_9)
FNDA:330,(anonymous_10)
FNDA:1,(anonymous_11)
DA:7,21
DA:8,21
DA:9,21
DA:10,21
DA:12,21
DA:13,21
DA:14,21
DA:18,29
DA:19,29
DA:20,0
DA:22,29
DA:23,29
DA:24,29
DA:28,55
DA:29,55
DA:30,55
DA:32,55
DA:40,55
DA:51,330
DA:63,55
DA:101,55
DA:102,5
DA:103,5
DA:104,5
DA:105,5
DA:106,5
DA:107,5
DA:108,5
DA:111,55
DA:112,1
DA:115,55
DA:116,24
DA:119,55
DA:120,2
DA:123,55
DA:124,1
DA:127,55
DA:128,330
DA:129,1
DA:135,1
LF:40
LH:39
BRDA:10,0,0,0
BRDA:10,0,1,21
BRDA:19,1,0,0
BRDA:19,1,1,29
BRDA:32,2,0,27
BRDA:32,2,1,28
BRDA:36,3,0,27
BRDA:36,3,1,0
BRDA:40,4,0,28
BRDA:40,4,1,27
BRDA:44,5,0,21
BRDA:44,5,1,7
BRDA:45,6,0,4
BRDA:45,6,1,24
BRDA:46,7,0,3
BRDA:46,7,1,25
BRDA:74,8,0,28
BRDA:74,8,1,27
BRDA:79,9,0,4
BRDA:79,9,1,51
BRDA:89,10,0,4
BRDA:89,10,1,51
BRF:22
BRH:19
end_of_record
TN:
SF:src\options\donationModal.js
FN:5,escapeHtml
FN:13,findByDataAttribute
FN:15,(anonymous_2)
FN:20,connectedCallback
FN:32,openDialog
FN:38,loadAndRender
FN:45,render
FN:46,(anonymous_7)
FN:58,(anonymous_8)
FN:124,bindEvents
FN:129,(anonymous_10)
FN:136,(anonymous_11)
FN:141,(anonymous_12)
FN:149,(anonymous_13)
FN:150,(anonymous_14)
FN:155,(anonymous_15)
FN:156,(anonymous_16)
FN:159,(anonymous_17)
FN:162,(anonymous_18)
FN:168,(anonymous_19)
FN:169,(anonymous_20)
FN:171,(anonymous_21)
FN:186,(anonymous_22)
FNF:23
FNH:22
FNDA:964,escapeHtml
FNDA:4,findByDataAttribute
FNDA:6,(anonymous_2)
FNDA:21,connectedCallback
FNDA:8,openDialog
FNDA:28,loadAndRender
FNDA:28,render
FNDA:66,(anonymous_7)
FNDA:66,(anonymous_8)
FNDA:28,bindEvents
FNDA:7,(anonymous_10)
FNDA:1,(anonymous_11)
FNDA:9,(anonymous_12)
FNDA:66,(anonymous_13)
FNDA:1,(anonymous_14)
FNDA:66,(anonymous_15)
FNDA:1,(anonymous_16)
FNDA:3,(anonymous_17)
FNDA:3,(anonymous_18)
FNDA:66,(anonymous_19)
FNDA:4,(anonymous_20)
FNDA:6,(anonymous_21)
FNDA:0,(anonymous_22)
DA:6,964
DA:14,4
DA:15,6
DA:21,21
DA:22,21
DA:26,21
DA:27,21
DA:28,1
DA:33,8
DA:39,28
DA:40,28
DA:41,28
DA:42,28
DA:46,66
DA:58,28
DA:61,66
DA:63,66
DA:108,28
DA:125,28
DA:126,28
DA:127,28
DA:129,28
DA:132,7
DA:133,7
DA:136,28
DA:137,1
DA:141,28
DA:142,9
DA:143,1
DA:149,28
DA:150,66
DA:151,1
DA:155,28
DA:156,66
DA:157,1
DA:158,1
DA:159,1
DA:160,3
DA:162,1
DA:163,3
DA:168,28
DA:169,66
DA:170,4
DA:171,6
DA:174,4
DA:175,4
DA:176,0
DA:178,4
DA:179,4
DA:180,3
DA:181,3
DA:183,1
DA:184,1
DA:186,4
DA:187,0
DA:188,0
DA:195,2
LF:57
LH:54
BRDA:21,0,0,21
BRDA:21,0,1,0
BRDA:27,1,0,1
BRDA:27,1,1,20
BRDA:61,2,0,66
BRDA:61,2,1,47
BRDA:70,3,0,28
BRDA:70,3,1,38
BRDA:72,4,0,66
BRDA:72,4,1,0
BRDA:93,5,0,40
BRDA:93,5,1,26
BRDA:142,6,0,1
BRDA:142,6,1,8
BRDA:175,7,0,0
BRDA:175,7,1,4
BRDA:175,8,0,4
BRDA:175,8,1,4
BRF:18
BRH:15
end_of_record
TN:
SF:src\options\options.css
FNF:0
FNH:0
LF:0
LH:0
BRF:0
BRH:0
end_of_record
TN:
SF:src\options\options.js
FN:31,connectedCallback
FN:45,applyTheme
FN:49,buildCountryPickerMarkup
FN:61,(anonymous_3)
FN:108,renderLanguageFlagsMarkup
FN:110,(anonymous_5)
FN:114,buildLanguagePickerMarkup
FN:116,(anonymous_7)
FN:118,(anonymous_8)
FN:141,render
FN:199,bindCountryPickerEvents
FN:210,(anonymous_11)
FN:217,(anonymous_12)
FN:232,(anonymous_13)
FN:239,(anonymous_14)
FN:248,(anonymous_15)
FN:261,(anonymous_16)
FN:265,(anonymous_17)
FN:272,(anonymous_18)
FN:273,(anonymous_19)
FN:306,(anonymous_20)
FN:317,bindLanguagePickerEvents
FN:323,(anonymous_22)
FN:331,(anonymous_23)
FN:340,(anonymous_24)
FN:341,(anonymous_25)
FN:348,(anonymous_26)
FN:361,applyLanguageChange
FN:382,bindEvents
FN:390,(anonymous_29)
FN:394,(anonymous_30)
FN:418,(anonymous_31)
FN:426,showSavedState
FN:430,showStatus
FN:437,(anonymous_34)
FNF:35
FNH:34
FNDA:32,connectedCallback
FNDA:32,applyTheme
FNDA:35,buildCountryPickerMarkup
FNDA:7560,(anonymous_3)
FNDA:140,renderLanguageFlagsMarkup
FNDA:280,(anonymous_5)
FNDA:35,buildLanguagePickerMarkup
FNDA:43,(anonymous_7)
FNDA:105,(anonymous_8)
FNDA:35,render
FNDA:35,bindCountryPickerEvents
FNDA:24,(anonymous_11)
FNDA:5208,(anonymous_12)
FNDA:19,(anonymous_13)
FNDA:10,(anonymous_14)
FNDA:9,(anonymous_15)
FNDA:5,(anonymous_16)
FNDA:1,(anonymous_17)
FNDA:7595,(anonymous_18)
FNDA:3,(anonymous_19)
FNDA:427,(anonymous_20)
FNDA:35,bindLanguagePickerEvents
FNDA:5,(anonymous_22)
FNDA:5,(anonymous_23)
FNDA:105,(anonymous_24)
FNDA:3,(anonymous_25)
FNDA:427,(anonymous_26)
FNDA:3,applyLanguageChange
FNDA:35,bindEvents
FNDA:1,(anonymous_29)
FNDA:4,(anonymous_30)
FNDA:0,(anonymous_31)
FNDA:8,showSavedState
FNDA:10,showStatus
FNDA:6,(anonymous_34)
DA:20,1
DA:24,1
DA:32,32
DA:33,32
DA:34,32
DA:35,1
DA:36,1
DA:38,32
DA:39,32
DA:40,32
DA:41,32
DA:42,32
DA:46,32
DA:50,35
DA:51,35
DA:53,35
DA:61,35
DA:62,7560
DA:63,7560
DA:72,35
DA:76,35
DA:80,35
DA:84,35
DA:109,140
DA:110,280
DA:116,43
DA:118,105
DA:125,35
DA:144,35
DA:200,35
DA:201,35
DA:202,35
DA:203,35
DA:204,35
DA:205,35
DA:208,35
DA:210,35
DA:211,24
DA:216,24
DA:217,24
DA:218,5208
DA:219,5208
DA:220,5208
DA:221,5208
DA:222,5208
DA:223,5208
DA:224,4343
DA:227,24
DA:228,24
DA:232,35
DA:233,19
DA:234,19
DA:236,19
DA:239,35
DA:240,10
DA:241,0
DA:243,10
DA:244,10
DA:245,10
DA:248,35
DA:249,9
DA:250,0
DA:252,9
DA:253,9
DA:254,9
DA:255,9
DA:256,9
DA:257,9
DA:261,35
DA:262,5
DA:265,35
DA:266,1
DA:267,1
DA:268,1
DA:272,35
DA:273,7595
DA:274,3
DA:275,3
DA:276,3
DA:278,3
DA:279,3
DA:280,3
DA:281,3
DA:284,3
DA:287,3
DA:293,3
DA:299,3
DA:300,3
DA:301,3
DA:302,3
DA:306,35
DA:307,427
DA:308,411
DA:310,16
DA:311,16
DA:312,6
DA:318,35
DA:319,35
DA:320,35
DA:321,35
DA:323,35
DA:324,5
DA:325,0
DA:327,5
DA:328,5
DA:331,35
DA:332,5
DA:333,0
DA:335,5
DA:336,5
DA:337,5
DA:340,35
DA:341,105
DA:342,3
DA:343,3
DA:344,3
DA:348,35
DA:349,427
DA:350,420
DA:352,7
DA:353,7
DA:354,2
DA:362,3
DA:363,3
DA:364,3
DA:365,3
DA:366,3
DA:373,3
DA:374,3
DA:375,3
DA:376,3
DA:377,3
DA:378,3
DA:379,3
DA:383,35
DA:384,35
DA:386,35
DA:387,35
DA:388,35
DA:390,35
DA:391,1
DA:394,35
DA:395,4
DA:396,4
DA:397,4
DA:398,2
DA:399,2
DA:400,1
DA:401,1
DA:402,1
DA:403,1
DA:406,2
DA:409,2
DA:410,2
DA:411,2
DA:413,1
DA:414,1
DA:418,35
DA:419,0
DA:420,0
DA:421,0
DA:422,0
DA:427,8
DA:431,10
DA:432,10
DA:433,0
DA:435,10
DA:436,10
DA:437,10
DA:438,6
DA:439,6
DA:444,1
LF:172
LH:163
BRDA:34,0,0,1
BRDA:34,0,1,31
BRDA:34,1,0,32
BRDA:34,1,1,30
BRDA:46,2,0,1
BRDA:46,2,1,31
BRDA:50,3,0,6
BRDA:50,3,1,29
BRDA:72,4,0,29
BRDA:72,4,1,6
BRDA:72,5,0,35
BRDA:72,5,1,6
BRDA:76,6,0,29
BRDA:76,6,1,6
BRDA:76,7,0,35
BRDA:76,7,1,6
BRDA:80,8,0,29
BRDA:80,8,1,6
BRDA:80,9,0,35
BRDA:80,9,1,6
BRDA:87,10,0,29
BRDA:87,10,1,6
BRDA:116,11,0,35
BRDA:116,11,1,0
BRDA:156,12,0,32
BRDA:156,12,1,3
BRDA:180,13,0,1
BRDA:180,13,1,34
BRDA:211,14,0,24
BRDA:211,14,1,20
BRDA:218,15,0,5208
BRDA:218,15,1,0
BRDA:219,16,0,5208
BRDA:219,16,1,868
BRDA:221,17,0,4343
BRDA:221,17,1,865
BRDA:223,18,0,4343
BRDA:223,18,1,865
BRDA:227,19,0,24
BRDA:227,19,1,0
BRDA:233,20,0,19
BRDA:233,20,1,0
BRDA:240,21,0,0
BRDA:240,21,1,10
BRDA:240,22,0,10
BRDA:240,22,1,10
BRDA:249,23,0,0
BRDA:249,23,1,9
BRDA:255,24,0,9
BRDA:255,24,1,0
BRDA:266,25,0,1
BRDA:266,25,1,0
BRDA:274,26,0,3
BRDA:274,26,1,0
BRDA:275,27,0,3
BRDA:275,27,1,0
BRDA:279,28,0,1
BRDA:279,28,1,2
BRDA:280,29,0,3
BRDA:280,29,1,0
BRDA:281,30,0,1
BRDA:281,30,1,2
BRDA:281,31,0,3
BRDA:281,31,1,2
BRDA:284,32,0,1
BRDA:284,32,1,2
BRDA:284,33,0,3
BRDA:284,33,1,2
BRDA:287,34,0,1
BRDA:287,34,1,2
BRDA:287,35,0,3
BRDA:287,35,1,2
BRDA:307,36,0,411
BRDA:307,36,1,16
BRDA:307,37,0,427
BRDA:307,37,1,427
BRDA:307,37,2,427
BRDA:311,38,0,6
BRDA:311,38,1,10
BRDA:311,39,0,16
BRDA:311,39,1,16
BRDA:324,40,0,0
BRDA:324,40,1,5
BRDA:324,41,0,5
BRDA:324,41,1,5
BRDA:332,42,0,0
BRDA:332,42,1,5
BRDA:342,43,0,3
BRDA:342,43,1,0
BRDA:349,44,0,420
BRDA:349,44,1,7
BRDA:349,45,0,427
BRDA:349,45,1,427
BRDA:349,45,2,427
BRDA:353,46,0,2
BRDA:353,46,1,5
BRDA:353,47,0,7
BRDA:353,47,1,7
BRDA:371,48,0,3
BRDA:371,48,1,0
BRDA:397,49,0,2
BRDA:397,49,1,2
BRDA:399,50,0,1
BRDA:399,50,1,1
BRDA:430,51,0,10
BRDA:432,52,0,0
BRDA:432,52,1,10
BRDA:436,53,0,2
BRDA:436,53,1,8
BRF:109
BRH:93
end_of_record
TN:
SF:src\popup\ddi.js
FN:24,connectedCallback
FN:38,getNumberFromQuery
FN:43,resolveInitialCountry
FN:55,render
FN:86,buildCountryPickerMarkup
FN:88,(anonymous_5)
FN:120,getSelectedCountry
FN:125,applyMaskToInput
FN:146,bindCountryPickerEvents
FN:156,(anonymous_9)
FN:163,(anonymous_10)
FN:176,(anonymous_11)
FN:183,(anonymous_12)
FN:192,(anonymous_13)
FN:205,(anonymous_14)
FN:209,(anonymous_15)
FN:216,(anonymous_16)
FN:217,(anonymous_17)
FN:243,(anonymous_18)
FN:250,(anonymous_19)
FN:261,bindEvents
FN:268,(anonymous_21)
FN:305,(anonymous_22)
FN:308,updatePreview
FNF:24
FNH:23
FNDA:18,connectedCallback
FNDA:18,getNumberFromQuery
FNDA:18,resolveInitialCountry
FNDA:18,render
FNDA:18,buildCountryPickerMarkup
FNDA:3888,(anonymous_5)
FNDA:35,getSelectedCountry
FNDA:9,applyMaskToInput
FNDA:18,bindCountryPickerEvents
FNDA:20,(anonymous_9)
FNDA:4320,(anonymous_10)
FNDA:15,(anonymous_11)
FNDA:8,(anonymous_12)
FNDA:7,(anonymous_13)
FNDA:5,(anonymous_14)
FNDA:1,(anonymous_15)
FNDA:3888,(anonymous_16)
FNDA:2,(anonymous_17)
FNDA:7,(anonymous_18)
FNDA:136,(anonymous_19)
FNDA:18,bindEvents
FNDA:1,(anonymous_21)
FNDA:0,(anonymous_22)
FNDA:27,updatePreview
DA:25,18
DA:26,18
DA:27,18
DA:28,18
DA:29,18
DA:31,18
DA:32,18
DA:33,18
DA:34,18
DA:35,18
DA:39,18
DA:40,18
DA:44,18
DA:45,18
DA:46,18
DA:47,18
DA:48,18
DA:52,18
DA:58,18
DA:87,18
DA:88,18
DA:89,3888
DA:90,3888
DA:99,18
DA:121,35
DA:122,35
DA:126,9
DA:127,9
DA:128,9
DA:129,9
DA:130,9
DA:131,9
DA:132,9
DA:133,9
DA:134,101
DA:135,83
DA:136,83
DA:137,8
DA:138,8
DA:142,9
DA:143,9
DA:147,18
DA:148,18
DA:149,18
DA:150,18
DA:151,18
DA:152,18
DA:153,18
DA:154,18
DA:156,18
DA:157,20
DA:162,20
DA:163,20
DA:164,4320
DA:165,4320
DA:166,4320
DA:167,4320
DA:168,3251
DA:171,20
DA:172,20
DA:176,18
DA:177,15
DA:178,15
DA:180,15
DA:183,18
DA:184,8
DA:185,0
DA:187,8
DA:188,8
DA:189,8
DA:192,18
DA:193,7
DA:194,0
DA:196,7
DA:197,7
DA:198,7
DA:199,7
DA:200,7
DA:201,7
DA:205,18
DA:206,5
DA:209,18
DA:210,1
DA:211,1
DA:212,1
DA:216,18
DA:217,3888
DA:218,2
DA:219,2
DA:220,2
DA:221,2
DA:223,2
DA:226,2
DA:232,2
DA:233,2
DA:234,2
DA:238,18
DA:239,18
DA:240,18
DA:241,18
DA:243,18
DA:244,7
DA:245,7
DA:246,7
DA:250,18
DA:251,136
DA:252,123
DA:254,13
DA:255,13
DA:256,5
DA:262,18
DA:264,18
DA:265,18
DA:266,18
DA:268,18
DA:269,1
DA:271,1
DA:272,1
DA:273,1
DA:275,1
DA:276,0
DA:277,0
DA:283,0
DA:284,0
DA:285,0
DA:288,1
DA:289,1
DA:290,0
DA:291,0
DA:294,1
DA:295,1
DA:296,0
DA:297,0
DA:300,1
DA:301,1
DA:302,1
DA:305,18
DA:309,27
DA:310,27
DA:311,27
DA:312,27
DA:314,27
DA:315,27
DA:322,1
LF:144
LH:133
BRDA:29,0,0,0
BRDA:29,0,1,18
BRDA:40,1,0,18
BRDA:40,1,1,16
BRDA:52,2,0,18
BRDA:52,2,1,0
BRDA:52,2,2,0
BRDA:52,2,3,0
BRDA:52,2,4,0
BRDA:122,3,0,35
BRDA:122,3,1,0
BRDA:126,4,0,0
BRDA:126,4,1,9
BRDA:127,5,0,9
BRDA:127,5,1,0
BRDA:134,6,0,83
BRDA:134,6,1,18
BRDA:136,7,0,8
BRDA:136,7,1,75
BRDA:142,8,0,1
BRDA:142,8,1,8
BRDA:157,9,0,20
BRDA:157,9,1,15
BRDA:164,10,0,4320
BRDA:164,10,1,0
BRDA:165,11,0,4320
BRDA:165,11,1,1080
BRDA:167,12,0,3251
BRDA:167,12,1,1069
BRDA:171,13,0,20
BRDA:171,13,1,0
BRDA:177,14,0,15
BRDA:177,14,1,0
BRDA:184,15,0,0
BRDA:184,15,1,8
BRDA:184,16,0,8
BRDA:184,16,1,8
BRDA:193,17,0,0
BRDA:193,17,1,7
BRDA:199,18,0,7
BRDA:199,18,1,0
BRDA:210,19,0,1
BRDA:210,19,1,0
BRDA:218,20,0,2
BRDA:218,20,1,0
BRDA:220,21,0,2
BRDA:220,21,1,0
BRDA:223,22,0,2
BRDA:223,22,1,0
BRDA:238,23,0,18
BRDA:238,23,1,0
BRDA:251,24,0,123
BRDA:251,24,1,13
BRDA:251,25,0,136
BRDA:251,25,1,136
BRDA:251,25,2,136
BRDA:255,26,0,5
BRDA:255,26,1,8
BRDA:255,27,0,13
BRDA:255,27,1,13
BRDA:272,28,0,1
BRDA:272,28,1,0
BRDA:275,29,0,0
BRDA:275,29,1,1
BRDA:289,30,0,0
BRDA:289,30,1,1
BRDA:295,31,0,0
BRDA:295,31,1,1
BRDA:312,32,0,27
BRDA:312,32,1,0
BRDA:314,33,0,27
BRDA:314,33,1,0
BRDA:315,34,0,10
BRDA:315,34,1,17
BRF:74
BRH:49
end_of_record
TN:
SF:src\popup\popup.js
FN:33,connectedCallback
FN:58,render
FN:105,buildCountryPickerMarkup
FN:107,(anonymous_3)
FN:139,getSelectedCountry
FN:144,applyMaskToPhoneInput
FN:164,updatePhonePlaceholder
FN:170,bindCountryPickerEvents
FN:180,(anonymous_8)
FN:187,(anonymous_9)
FN:202,(anonymous_10)
FN:209,(anonymous_11)
FN:218,(anonymous_12)
FN:231,(anonymous_13)
FN:235,(anonymous_14)
FN:242,(anonymous_15)
FN:243,(anonymous_16)
FN:271,(anonymous_17)
FN:278,(anonymous_18)
FN:289,bindEvents
FN:293,(anonymous_20)
FN:301,(anonymous_21)
FN:308,(anonymous_22)
FNF:23
FNH:22
FNDA:34,connectedCallback
FNDA:34,render
FNDA:34,buildCountryPickerMarkup
FNDA:7344,(anonymous_3)
FNDA:7,getSelectedCountry
FNDA:7,applyMaskToPhoneInput
FNDA:41,updatePhonePlaceholder
FNDA:34,bindCountryPickerEvents
FNDA:27,(anonymous_8)
FNDA:5832,(anonymous_9)
FNDA:20,(anonymous_10)
FNDA:11,(anonymous_11)
FNDA:9,(anonymous_12)
FNDA:7,(anonymous_13)
FNDA:1,(anonymous_14)
FNDA:7344,(anonymous_15)
FNDA:2,(anonymous_16)
FNDA:5,(anonymous_17)
FNDA:348,(anonymous_18)
FNDA:34,bindEvents
FNDA:0,(anonymous_20)
FNDA:1,(anonymous_21)
FNDA:6,(anonymous_22)
DA:34,34
DA:35,34
DA:36,34
DA:37,34
DA:38,34
DA:40,34
DA:41,34
DA:42,34
DA:43,34
DA:44,34
DA:45,34
DA:46,34
DA:50,34
DA:54,34
DA:55,34
DA:59,34
DA:60,34
DA:66,34
DA:106,34
DA:107,34
DA:108,7344
DA:109,7344
DA:118,34
DA:140,7
DA:141,7
DA:145,7
DA:146,6
DA:147,7
DA:148,7
DA:149,7
DA:150,7
DA:151,7
DA:152,58
DA:153,48
DA:154,48
DA:155,4
DA:156,4
DA:160,6
DA:161,6
DA:165,41
DA:166,41
DA:167,41
DA:171,34
DA:172,34
DA:173,34
DA:174,34
DA:175,34
DA:176,34
DA:177,34
DA:178,34
DA:180,34
DA:181,27
DA:186,27
DA:187,27
DA:188,5832
DA:189,5832
DA:190,5832
DA:191,5832
DA:192,5832
DA:193,5832
DA:194,4332
DA:197,27
DA:198,27
DA:202,34
DA:203,20
DA:204,20
DA:206,20
DA:209,34
DA:210,11
DA:211,0
DA:213,11
DA:214,11
DA:215,11
DA:218,34
DA:219,9
DA:220,0
DA:222,9
DA:223,9
DA:224,9
DA:225,9
DA:226,9
DA:227,9
DA:231,34
DA:232,7
DA:235,34
DA:236,1
DA:237,1
DA:238,1
DA:242,34
DA:243,7344
DA:244,2
DA:245,2
DA:246,2
DA:247,2
DA:249,2
DA:252,2
DA:258,2
DA:259,2
DA:260,2
DA:264,34
DA:265,34
DA:266,34
DA:267,34
DA:268,6
DA:271,34
DA:272,5
DA:273,5
DA:274,5
DA:278,34
DA:279,348
DA:280,330
DA:282,18
DA:283,18
DA:284,8
DA:290,34
DA:292,34
DA:293,34
DA:294,0
DA:295,0
DA:300,34
DA:301,34
DA:302,1
DA:303,1
DA:304,1
DA:307,34
DA:308,34
DA:309,6
DA:311,6
DA:312,6
DA:314,6
DA:315,6
DA:316,6
DA:317,6
DA:319,6
DA:320,2
DA:321,2
DA:322,2
DA:323,2
DA:326,4
DA:327,2
DA:328,2
DA:329,2
DA:330,2
DA:331,0
DA:332,0
DA:338,0
DA:339,0
DA:340,0
DA:343,2
DA:344,2
DA:347,4
DA:348,0
DA:349,0
DA:352,4
DA:353,4
DA:354,0
DA:355,0
DA:358,4
DA:363,4
DA:368,2
LF:160
LH:147
BRDA:38,0,0,0
BRDA:38,0,1,34
BRDA:50,1,0,7
BRDA:50,1,1,27
BRDA:51,2,0,7
BRDA:51,2,1,3
BRDA:51,2,2,3
BRDA:51,2,3,2
BRDA:51,2,4,0
BRDA:51,2,5,0
BRDA:52,3,0,27
BRDA:52,3,1,23
BRDA:52,3,2,0
BRDA:52,3,3,0
BRDA:52,3,4,0
BRDA:59,4,0,34
BRDA:59,4,1,27
BRDA:60,5,0,7
BRDA:60,5,1,27
BRDA:141,6,0,7
BRDA:141,6,1,0
BRDA:145,7,0,1
BRDA:145,7,1,6
BRDA:145,8,0,7
BRDA:145,8,1,7
BRDA:146,9,0,6
BRDA:146,9,1,0
BRDA:152,10,0,48
BRDA:152,10,1,10
BRDA:154,11,0,4
BRDA:154,11,1,44
BRDA:160,12,0,1
BRDA:160,12,1,5
BRDA:165,13,0,0
BRDA:165,13,1,41
BRDA:167,14,0,2
BRDA:167,14,1,39
BRDA:181,15,0,27
BRDA:181,15,1,20
BRDA:188,16,0,5832
BRDA:188,16,1,0
BRDA:189,17,0,5832
BRDA:189,17,1,1512
BRDA:191,18,0,4332
BRDA:191,18,1,1500
BRDA:193,19,0,4332
BRDA:193,19,1,1500
BRDA:197,20,0,27
BRDA:197,20,1,0
BRDA:203,21,0,20
BRDA:203,21,1,0
BRDA:210,22,0,0
BRDA:210,22,1,11
BRDA:210,23,0,11
BRDA:210,23,1,11
BRDA:219,24,0,0
BRDA:219,24,1,9
BRDA:225,25,0,9
BRDA:225,25,1,0
BRDA:236,26,0,1
BRDA:236,26,1,0
BRDA:244,27,0,2
BRDA:244,27,1,0
BRDA:246,28,0,2
BRDA:246,28,1,0
BRDA:249,29,0,2
BRDA:249,29,1,0
BRDA:264,30,0,34
BRDA:264,30,1,0
BRDA:267,31,0,6
BRDA:267,31,1,28
BRDA:267,32,0,34
BRDA:267,32,1,7
BRDA:279,33,0,330
BRDA:279,33,1,18
BRDA:279,34,0,348
BRDA:279,34,1,348
BRDA:279,34,2,348
BRDA:283,35,0,8
BRDA:283,35,1,10
BRDA:283,36,0,18
BRDA:283,36,1,18
BRDA:314,37,0,6
BRDA:314,37,1,0
BRDA:316,38,0,6
BRDA:316,38,1,0
BRDA:319,39,0,2
BRDA:319,39,1,4
BRDA:326,40,0,2
BRDA:326,40,1,2
BRDA:330,41,0,0
BRDA:330,41,1,2
BRDA:347,42,0,0
BRDA:347,42,1,4
BRDA:353,43,0,0
BRDA:353,43,1,4
BRF:96
BRH:71
end_of_record
TN:
SF:src\popup\styles.css
FNF:0
FNH:0
LF:0
LH:0
BRF:0
BRH:0
end_of_record
TN:
SF:src\utils\countries.js
FN:1,flagFromIso2
FN:13,country
FN:238,getCountryByCode
FN:239,(anonymous_3)
FN:242,getCountryByIso2
FN:244,(anonymous_5)
FN:247,getDefaultCountryCodeForLanguage
FN:258,createRegionDisplayNames
FN:268,getLocalizedCountryName
FN:278,getLocalizedCountries
FN:280,(anonymous_10)
FN:288,(anonymous_11)
FN:290,(anonymous_12)
FN:294,getTwemojiAssetName
FN:296,(anonymous_14)
FN:297,(anonymous_15)
FN:298,(anonymous_16)
FN:302,renderEmojiHtml
FN:315,renderCountryFlagHtml
FNF:19
FNH:19
FNDA:20867,flagFromIso2
FNDA:1728,country
FNDA:161,getCountryByCode
FNDA:17441,(anonymous_3)
FNDA:295,getCountryByIso2
FNDA:31037,(anonymous_5)
FNDA:57,getDefaultCountryCodeForLanguage
FNDA:157,createRegionDisplayNames
FNDA:69,getLocalizedCountryName
FNDA:89,getLocalizedCountries
FNDA:19224,(anonymous_10)
FNDA:99636,(anonymous_11)
FNDA:215,(anonymous_12)
FNDA:19643,getTwemojiAssetName
FNDA:39214,(anonymous_14)
FNDA:39214,(anonymous_15)
FNDA:39213,(anonymous_16)
FNDA:19205,renderEmojiHtml
FNDA:19139,renderCountryFlagHtml
DA:2,20867
DA:3,20867
DA:4,1
DA:7,20866
DA:14,1728
DA:17,8
DA:236,8
DA:239,17441
DA:243,295
DA:244,31037
DA:248,57
DA:249,57
DA:250,3
DA:252,54
DA:253,2
DA:255,52
DA:259,157
DA:260,157
DA:262,2
DA:269,69
DA:270,1
DA:272,68
DA:273,68
DA:279,89
DA:280,19224
DA:287,89
DA:288,99636
DA:290,215
DA:295,19643
DA:296,39214
DA:297,39214
DA:298,39213
DA:299,19643
DA:303,19205
DA:304,19205
DA:305,0
DA:307,19205
DA:308,19205
DA:309,19205
DA:312,19205
DA:316,19139
DA:317,19139
LF:42
LH:41
BRDA:2,0,0,20867
BRDA:2,0,1,0
BRDA:3,1,0,1
BRDA:3,1,1,20866
BRDA:14,2,0,1728
BRDA:14,2,1,0
BRDA:239,3,0,161
BRDA:239,3,1,6
BRDA:243,4,0,295
BRDA:243,4,1,1
BRDA:244,5,0,295
BRDA:244,5,1,5
BRDA:247,6,0,57
BRDA:248,7,0,57
BRDA:248,7,1,0
BRDA:249,8,0,3
BRDA:249,8,1,54
BRDA:252,9,0,2
BRDA:252,9,1,52
BRDA:269,10,0,1
BRDA:269,10,1,68
BRDA:270,11,0,1
BRDA:270,11,1,1
BRDA:273,12,0,68
BRDA:273,12,1,1
BRDA:282,13,0,19224
BRDA:282,13,1,216
BRDA:295,14,0,19643
BRDA:295,14,1,1
BRDA:299,15,0,19642
BRDA:299,15,1,1
BRDA:304,16,0,0
BRDA:304,16,1,19205
BRDA:309,17,0,15294
BRDA:309,17,1,3911
BRF:35
BRH:31
end_of_record
TN:
SF:src\utils\donation.js
FN:28,getDonationMethodById
FN:29,(anonymous_1)
FNF:2
FNH:2
FNDA:4,getDonationMethodById
FNDA:9,(anonymous_1)
DA:3,3
DA:29,9
LF:2
LH:2
BRDA:29,0,0,4
BRDA:29,0,1,1
BRF:2
BRH:2
end_of_record
TN:
SF:src\utils\i18n.js
FN:256,getMessages
FN:260,t
FN:262,(anonymous_2)
FNF:3
FNH:3
FNDA:167,getMessages
FNDA:408,t
FNDA:739,(anonymous_2)
DA:1,10
DA:257,167
DA:261,408
DA:262,408
DA:263,739
LF:5
LH:5
BRDA:256,0,0,167
BRDA:257,1,0,167
BRDA:257,1,1,1
BRDA:260,2,0,408
BRDA:261,3,0,408
BRDA:261,3,1,0
BRDA:263,4,0,739
BRDA:263,4,1,1
BRF:8
BRH:7
end_of_record
TN:
SF:src\utils\location.js
FN:7,normalizeRegion
FN:12,extractRegionFromLocale
FN:29,(anonymous_2)
FN:33,detectCountryCodeFromBrowserLocation
FN:54,detectCountryCodeFromUrl
FNF:5
FNH:5
FNDA:11,normalizeRegion
FNDA:6,extractRegionFromLocale
FNDA:3,(anonymous_2)
FNDA:4,detectCountryCodeFromBrowserLocation
FNDA:16,detectCountryCodeFromUrl
DA:3,1
DA:8,11
DA:9,11
DA:13,6
DA:14,6
DA:15,0
DA:18,6
DA:19,6
DA:20,6
DA:21,6
DA:22,3
DA:27,3
DA:28,3
DA:29,3
DA:30,3
DA:34,4
DA:39,4
DA:40,6
DA:41,6
DA:42,0
DA:45,6
DA:46,6
DA:47,3
DA:51,1
DA:55,16
DA:56,2
DA:59,14
DA:60,14
DA:61,14
DA:62,2
DA:64,11
DA:65,11
DA:66,0
DA:69,11
DA:70,11
DA:71,11
DA:72,6
DA:75,5
DA:76,5
DA:78,5
DA:80,1
LF:41
LH:38
BRDA:7,0,0,11
BRDA:8,1,0,11
BRDA:8,1,1,0
BRDA:9,2,0,11
BRDA:9,2,1,11
BRDA:12,3,0,6
BRDA:13,4,0,6
BRDA:13,4,1,0
BRDA:14,5,0,0
BRDA:14,5,1,6
BRDA:19,6,0,6
BRDA:19,6,1,0
BRDA:21,7,0,3
BRDA:21,7,1,3
BRDA:29,8,0,3
BRDA:29,8,1,0
BRDA:30,9,0,3
BRDA:30,9,1,0
BRDA:33,10,0,4
BRDA:35,11,0,4
BRDA:35,11,1,0
BRDA:36,12,0,4
BRDA:36,12,1,0
BRDA:41,13,0,0
BRDA:41,13,1,6
BRDA:46,14,0,3
BRDA:46,14,1,3
BRDA:55,15,0,2
BRDA:55,15,1,14
BRDA:61,16,0,2
BRDA:61,16,1,12
BRDA:61,17,0,14
BRDA:61,17,1,12
BRDA:65,18,0,0
BRDA:65,18,1,11
BRDA:71,19,0,6
BRDA:71,19,1,5
BRDA:71,20,0,11
BRDA:71,20,1,11
BRDA:78,21,0,5
BRDA:78,21,1,0
BRF:41
BRH:30
end_of_record
TN:
SF:src\utils\phone.js
FN:3,sanitizePhoneNumber
FN:7,normalizeSelectedNumber
FN:21,hasCountryCode
FN:25,isLikelyPhoneText
FN:34,normalizeDialCode
FN:38,formatMaskToRegex
FN:46,getExpectedFormatsForDdi
FN:51,isLocalNumberValidForDdi
FN:58,(anonymous_8)
FN:61,isValidPhoneForSend
FN:70,joinCountryCodeAndNumber
FN:81,applyPhoneMask
FN:95,getPhoneMaskPlaceholder
FN:100,buildWhatsAppUrl
FNF:14
FNH:14
FNDA:181,sanitizePhoneNumber
FNDA:180,normalizeSelectedNumber
FNDA:12,hasCountryCode
FNDA:43,isLikelyPhoneText
FNDA:20,normalizeDialCode
FNDA:18,formatMaskToRegex
FNDA:20,getExpectedFormatsForDdi
FNDA:15,isLocalNumberValidForDdi
FNDA:18,(anonymous_8)
FNDA:51,isValidPhoneForSend
FNDA:35,joinCountryCodeAndNumber
FNDA:51,applyPhoneMask
FNDA:72,getPhoneMaskPlaceholder
FNDA:24,buildWhatsAppUrl
DA:4,181
DA:8,180
DA:10,180
DA:11,79
DA:14,101
DA:15,29
DA:18,72
DA:22,12
DA:26,43
DA:27,43
DA:28,14
DA:30,29
DA:31,29
DA:35,20
DA:39,18
DA:40,18
DA:43,18
DA:47,20
DA:48,20
DA:52,15
DA:53,15
DA:54,0
DA:57,15
DA:58,18
DA:62,51
DA:63,51
DA:71,35
DA:72,35
DA:74,35
DA:75,18
DA:78,17
DA:82,51
DA:83,49
DA:84,49
DA:85,51
DA:86,51
DA:87,30
DA:88,30
DA:89,30
DA:90,333
DA:92,30
DA:96,72
DA:97,70
DA:101,24
DA:102,10
DA:104,14
DA:105,14
DA:106,0
DA:109,14
DA:110,14
DA:112,14
DA:113,8
DA:116,6
LF:53
LH:51
BRDA:3,0,0,181
BRDA:7,1,0,180
BRDA:10,2,0,79
BRDA:10,2,1,101
BRDA:14,3,0,29
BRDA:14,3,1,72
BRDA:21,4,0,12
BRDA:25,5,0,43
BRDA:25,6,0,43
BRDA:25,7,0,43
BRDA:26,8,0,43
BRDA:26,8,1,1
BRDA:27,9,0,14
BRDA:27,9,1,29
BRDA:31,10,0,29
BRDA:31,10,1,27
BRDA:34,11,0,20
BRDA:46,12,0,20
BRDA:48,13,0,20
BRDA:48,13,1,1
BRDA:51,14,0,15
BRDA:51,15,0,15
BRDA:53,16,0,0
BRDA:53,16,1,15
BRDA:61,17,0,51
BRDA:61,18,0,51
BRDA:64,19,0,51
BRDA:64,19,1,33
BRDA:64,19,2,32
BRDA:74,20,0,18
BRDA:74,20,1,17
BRDA:82,21,0,2
BRDA:82,21,1,49
BRDA:84,22,0,49
BRDA:84,22,1,0
BRDA:86,23,0,19
BRDA:86,23,1,32
BRDA:89,24,0,30
BRDA:89,24,1,338
BRDA:90,25,0,56
BRDA:90,25,1,277
BRDA:96,26,0,2
BRDA:96,26,1,70
BRDA:100,27,0,24
BRDA:101,28,0,10
BRDA:101,28,1,14
BRDA:105,29,0,0
BRDA:105,29,1,14
BRDA:112,30,0,8
BRDA:112,30,1,6
BRF:50
BRH:47
end_of_record
TN:
SF:src\utils\phoneFormats.js
FNF:0
FNH:0
DA:3,6
LF:1
LH:1
BRF:0
BRH:0
end_of_record
TN:
SF:src\utils\storage.js
FN:17,normalizeLanguage
FN:28,normalizeDefaultCountry
FN:32,saveLastCountry
FN:36,getLastCountry
FN:41,setPendingContextNumber
FN:45,consumePendingContextNumber
FN:51,setPendingContextCountry
FN:55,consumePendingContextCountry
FN:63,setPendingDonationOpen
FN:67,consumePendingDonationOpen
FN:73,getAutoHighlightEnabled
FN:81,setAutoHighlightEnabled
FN:85,getDarkModeEnabled
FN:93,setDarkModeEnabled
FN:97,getLanguage
FN:102,setLanguage
FN:106,getDefaultCountry
FN:111,setDefaultCountry
FN:115,getSettings
FN:137,saveSettings
FNF:20
FNH:20
FNDA:17,normalizeLanguage
FNDA:7,normalizeDefaultCountry
FNDA:1,saveLastCountry
FNDA:1,getLastCountry
FNDA:1,setPendingContextNumber
FNDA:1,consumePendingContextNumber
FNDA:1,setPendingContextCountry
FNDA:2,consumePendingContextCountry
FNDA:1,setPendingDonationOpen
FNDA:2,consumePendingDonationOpen
FNDA:1,getAutoHighlightEnabled
FNDA:1,setAutoHighlightEnabled
FNDA:1,getDarkModeEnabled
FNDA:1,setDarkModeEnabled
FNDA:1,getLanguage
FNDA:3,setLanguage
FNDA:3,getDefaultCountry
FNDA:2,setDefaultCountry
FNDA:4,getSettings
FNDA:3,saveSettings
DA:1,1
DA:2,1
DA:3,1
DA:4,1
DA:5,1
DA:6,1
DA:7,1
DA:8,1
DA:10,1
DA:18,17
DA:19,17
DA:20,5
DA:22,12
DA:23,3
DA:25,9
DA:29,7
DA:33,1
DA:37,1
DA:38,1
DA:42,1
DA:46,1
DA:47,1
DA:48,1
DA:52,1
DA:56,2
DA:57,2
DA:58,2
DA:64,1
DA:68,2
DA:69,2
DA:70,2
DA:74,1
DA:75,1
DA:76,0
DA:78,1
DA:82,1
DA:86,1
DA:87,1
DA:88,0
DA:90,1
DA:94,1
DA:98,1
DA:99,1
DA:103,3
DA:107,3
DA:108,3
DA:112,2
DA:116,4
DA:123,4
DA:138,3
LF:50
LH:48
BRDA:17,0,0,17
BRDA:18,1,0,17
BRDA:18,1,1,1
BRDA:19,2,0,5
BRDA:19,2,1,12
BRDA:22,3,0,3
BRDA:22,3,1,9
BRDA:29,4,0,2
BRDA:29,4,1,5
BRDA:48,5,0,1
BRDA:48,5,1,0
BRDA:58,6,0,2
BRDA:58,6,1,1
BRDA:75,7,0,0
BRDA:75,7,1,1
BRDA:87,8,0,0
BRDA:87,8,1,1
BRDA:99,9,0,1
BRDA:99,9,1,1
BRDA:112,10,0,2
BRDA:112,10,1,1
BRDA:125,11,0,1
BRDA:125,11,1,3
BRDA:129,12,0,1
BRDA:129,12,1,3
BRDA:132,13,0,4
BRDA:132,13,1,3
BRDA:137,14,0,3
BRDA:140,15,0,1
BRDA:140,15,1,2
BRDA:144,16,0,1
BRDA:144,16,1,2
BRDA:147,17,0,3
BRDA:147,17,1,1
BRDA:148,18,0,3
BRDA:148,18,1,2
BRF:36
BRH:33
end_of_record
TN:
SF:src\utils\tutorial.js
FNF:0
FNH:0
DA:3,4
DA:7,4
LF:2
LH:2
BRF:0
BRH:0
end_of_record
